<?xml version="1.0" encoding="utf-8"?><testsuites name="pytest tests"><testsuite name="pytest" errors="0" failures="0" skipped="0" tests="6" time="37.863" timestamp="2026-05-08T16:14:04.587660+00:00" hostname="agent-env-e56f4225-3f7b-4c6e-a42d-63aec1da8e3f"><testcase classname="backend.tests.test_iteration2.TestOptimizeUsage" name="test_optimize_returns_usage" time="13.636" /><testcase classname="backend.tests.test_iteration2.TestOptimizeStream" name="test_stream_emits_deltas_usage_done" time="22.374" /><testcase classname="backend.tests.test_iteration2.TestOptimizeStream" name="test_stream_unauth" time="0.068" /><testcase classname="backend.tests.test_iteration2.TestPromptsMeta" name="test_groups_and_tags" time="0.774" /><testcase classname="backend.tests.test_iteration2.TestShare" name="test_share_lifecycle" time="0.915" /><testcase classname="backend.tests.test_iteration2.TestShare" name="test_share_unknown_prompt" time="0.062" /></testsuite></testsuites>