<?xml version="1.0" encoding="utf-8"?><testsuites name="pytest tests"><testsuite name="pytest" errors="0" failures="0" skipped="0" tests="15" time="42.485" timestamp="2026-05-08T15:38:52.984810+00:00" hostname="agent-env-e56f4225-3f7b-4c6e-a42d-63aec1da8e3f"><testcase classname="tests.test_backend.TestHealth" name="test_health_ok" time="0.259" /><testcase classname="tests.test_backend.TestPatterns" name="test_patterns_six" time="0.064" /><testcase classname="tests.test_backend.TestAuth" name="test_auth_me_unauthenticated" time="0.064" /><testcase classname="tests.test_backend.TestAuth" name="test_auth_me_with_bearer" time="0.109" /><testcase classname="tests.test_backend.TestAuth" name="test_auth_me_invalid_token" time="0.068" /><testcase classname="tests.test_backend.TestOptimize" name="test_optimize_empty_input" time="0.065" /><testcase classname="tests.test_backend.TestOptimize" name="test_optimize_unknown_pattern" time="0.089" /><testcase classname="tests.test_backend.TestOptimize" name="test_optimize_unauth" time="0.062" /><testcase classname="tests.test_backend.TestOptimize" name="test_optimize_real_nim" time="7.729" /><testcase classname="tests.test_backend.TestSuggest" name="test_suggest_short_input" time="0.073" /><testcase classname="tests.test_backend.TestSuggest" name="test_suggest_heuristic_coding" time="0.081" /><testcase classname="tests.test_backend.TestPromptsCRUD" name="test_full_crud_and_isolation" time="0.469" /><testcase classname="tests.test_backend.TestPromptsCRUD" name="test_list_only_own_prompts" time="0.146" /><testcase classname="tests.test_backend.TestForkRerun" name="test_fork" time="0.299" /><testcase classname="tests.test_backend.TestForkRerun" name="test_rerun" time="32.871" /></testsuite></testsuites>